c:\users\lewis\source\repos\miniengine\engine\x64\debug\engine.pch
c:\users\lewis\source\repos\miniengine\x64\debug\engine.pdb
c:\users\lewis\source\repos\miniengine\x64\debug\engine.idb
c:\users\lewis\source\repos\miniengine\engine\x64\debug\pch.obj
c:\users\lewis\source\repos\miniengine\engine\x64\debug\scriptcomponent.obj
c:\users\lewis\source\repos\miniengine\engine\x64\debug\luatest.obj
c:\users\lewis\source\repos\miniengine\engine\x64\debug\imguizmo.obj
c:\users\lewis\source\repos\miniengine\engine\x64\debug\imgui_widgets.obj
c:\users\lewis\source\repos\miniengine\engine\x64\debug\imgui_tables.obj
c:\users\lewis\source\repos\miniengine\engine\x64\debug\imgui_draw.obj
c:\users\lewis\source\repos\miniengine\engine\x64\debug\imgui_demo.obj
c:\users\lewis\source\repos\miniengine\engine\x64\debug\imgui.obj
c:\users\lewis\source\repos\miniengine\engine\x64\debug\imgui_impl_sdl2.obj
c:\users\lewis\source\repos\miniengine\engine\x64\debug\imgui_impl_opengl3.obj
c:\users\lewis\source\repos\miniengine\engine\x64\debug\threadpool.obj
c:\users\lewis\source\repos\miniengine\engine\x64\debug\shader.obj
c:\users\lewis\source\repos\miniengine\engine\x64\debug\scriptsystem.obj
c:\users\lewis\source\repos\miniengine\engine\x64\debug\scenenode.obj
c:\users\lewis\source\repos\miniengine\engine\x64\debug\scenecullingdemo.obj
c:\users\lewis\source\repos\miniengine\engine\x64\debug\renderer.obj
c:\users\lewis\source\repos\miniengine\engine\x64\debug\profileroverlay.obj
c:\users\lewis\source\repos\miniengine\engine\x64\debug\physicssystem.obj
c:\users\lewis\source\repos\miniengine\engine\x64\debug\jobsystem.obj
c:\users\lewis\source\repos\miniengine\engine\x64\debug\inputsystem.obj
c:\users\lewis\source\repos\miniengine\engine\x64\debug\frustumculler.obj
c:\users\lewis\source\repos\miniengine\engine\x64\debug\engine.obj
c:\users\lewis\source\repos\miniengine\engine\x64\debug\editorconsole.obj
c:\users\lewis\source\repos\miniengine\engine\x64\debug\entitymanager.obj
c:\users\lewis\source\repos\miniengine\engine\x64\debug\dummyallocator.obj
c:\users\lewis\source\repos\miniengine\engine\x64\debug\allocator.obj
c:\users\lewis\source\repos\miniengine\engine\x64\debug\configreader.obj
c:\users\lewis\source\repos\miniengine\engine\x64\debug\assetimporter.obj
c:\users\lewis\source\repos\miniengine\engine\x64\debug\assetdatabase.obj
c:\users\lewis\source\repos\miniengine\x64\debug\engine.lib
c:\users\lewis\source\repos\miniengine\engine\x64\debug\engine.tlog\cl.command.1.tlog
c:\users\lewis\source\repos\miniengine\engine\x64\debug\engine.tlog\cl.items.tlog
c:\users\lewis\source\repos\miniengine\engine\x64\debug\engine.tlog\cl.read.1.tlog
c:\users\lewis\source\repos\miniengine\engine\x64\debug\engine.tlog\cl.write.1.tlog
c:\users\lewis\source\repos\miniengine\engine\x64\debug\engine.tlog\lib-link.read.1.tlog
c:\users\lewis\source\repos\miniengine\engine\x64\debug\engine.tlog\lib-link.write.1.tlog
c:\users\lewis\source\repos\miniengine\engine\x64\debug\engine.tlog\lib.command.1.tlog
