c:\users\lewis\source\repos\miniengine\demo\x64\debug\vc143.pdb
c:\users\lewis\source\repos\miniengine\demo\x64\debug\vc143.idb
c:\users\lewis\source\repos\miniengine\demo\x64\debug\main.obj
c:\users\lewis\source\repos\miniengine\demo\x64\debug\startupscreen.obj
c:\users\lewis\source\repos\miniengine\demo\x64\debug\recentprojects.obj
c:\users\lewis\source\repos\miniengine\demo\x64\debug\projectmanager.obj
c:\users\lewis\source\repos\miniengine\demo\x64\debug\editor.obj
c:\users\lewis\source\repos\miniengine\x64\debug\poly2tri.dll
c:\users\lewis\source\repos\miniengine\x64\debug\minizip.dll
c:\users\lewis\source\repos\miniengine\x64\debug\zlibd1.dll
c:\users\lewis\source\repos\miniengine\x64\debug\kubazip.dll
c:\users\lewis\source\repos\miniengine\x64\debug\pugixml.dll
c:\users\lewis\source\repos\miniengine\demo\x64\debug\demo.ilk
c:\users\lewis\source\repos\miniengine\x64\debug\demo.pdb
c:\users\lewis\source\repos\miniengine\demo\x64\debug\demo.tlog\cl.command.1.tlog
c:\users\lewis\source\repos\miniengine\demo\x64\debug\demo.tlog\cl.items.tlog
c:\users\lewis\source\repos\miniengine\demo\x64\debug\demo.tlog\cl.read.1.tlog
c:\users\lewis\source\repos\miniengine\demo\x64\debug\demo.tlog\cl.write.1.tlog
c:\users\lewis\source\repos\miniengine\demo\x64\debug\demo.tlog\demo.write.1u.tlog
c:\users\lewis\source\repos\miniengine\demo\x64\debug\demo.tlog\link.3008-cvtres.read.1.tlog
c:\users\lewis\source\repos\miniengine\demo\x64\debug\demo.tlog\link.3008-cvtres.write.1.tlog
c:\users\lewis\source\repos\miniengine\demo\x64\debug\demo.tlog\link.3008-rc.read.1.tlog
c:\users\lewis\source\repos\miniengine\demo\x64\debug\demo.tlog\link.3008-rc.write.1.tlog
c:\users\lewis\source\repos\miniengine\demo\x64\debug\demo.tlog\link.3008.read.1.tlog
c:\users\lewis\source\repos\miniengine\demo\x64\debug\demo.tlog\link.3008.read.2.tlog
c:\users\lewis\source\repos\miniengine\demo\x64\debug\demo.tlog\link.3008.write.1.tlog
c:\users\lewis\source\repos\miniengine\demo\x64\debug\demo.tlog\link.command.1.tlog
c:\users\lewis\source\repos\miniengine\demo\x64\debug\demo.tlog\link.read.1.tlog
c:\users\lewis\source\repos\miniengine\demo\x64\debug\demo.tlog\link.secondary.1.tlog
c:\users\lewis\source\repos\miniengine\demo\x64\debug\demo.tlog\link.write.1.tlog
